<?xml version="1.0" encoding="UTF-8"?>
<testng-results skipped="0" failed="0" ignored="0" total="2" passed="2">
  <reporter-output>
  </reporter-output>
  <suite name="RegressionSuite" duration-ms="18463" started-at="2022-08-10T01:11:26Z" finished-at="2022-08-10T01:11:44Z">
    <groups>
    </groups>
    <test name="TC001_LoginTest" duration-ms="10241" started-at="2022-08-10T01:11:26Z" finished-at="2022-08-10T01:11:36Z">
      <class name="com.OrangeHRM.testCases.TC001_LoginTest">
        <test-method status="PASS" signature="setup(java.lang.String)[pri:0, instance:com.OrangeHRM.testCases.TC001_LoginTest@6454ec]" name="setup" is-config="true" duration-ms="5864" started-at="2022-08-10T01:11:26Z" finished-at="2022-08-10T01:11:32Z">
          <params>
            <param index="0">
              <value>
                <![CDATA[firefox]]>
              </value>
            </param>
          </params>
          <reporter-output>
          </reporter-output>
        </test-method> <!-- setup -->
        <test-method status="PASS" signature="loginTest()[pri:0, instance:com.OrangeHRM.testCases.TC001_LoginTest@6454ec]" name="loginTest" duration-ms="2305" started-at="2022-08-10T01:11:32Z" finished-at="2022-08-10T01:11:34Z">
          <reporter-output>
          </reporter-output>
        </test-method> <!-- loginTest -->
        <test-method status="PASS" signature="teardown()[pri:0, instance:com.OrangeHRM.testCases.TC001_LoginTest@6454ec]" name="teardown" is-config="true" duration-ms="2050" started-at="2022-08-10T01:11:34Z" finished-at="2022-08-10T01:11:36Z">
          <reporter-output>
          </reporter-output>
        </test-method> <!-- teardown -->
      </class> <!-- com.OrangeHRM.testCases.TC001_LoginTest -->
    </test> <!-- TC001_LoginTest -->
    <test name="TC002_ForgotPasswordLinkDisplayed" duration-ms="8202" started-at="2022-08-10T01:11:36Z" finished-at="2022-08-10T01:11:44Z">
      <class name="com.OrangeHRM.testCases.TC002_ForgotPasswordLinkDisplayed">
        <test-method status="PASS" signature="setup(java.lang.String)[pri:0, instance:com.OrangeHRM.testCases.TC002_ForgotPasswordLinkDisplayed@132bc4a]" name="setup" is-config="true" duration-ms="5146" started-at="2022-08-10T01:11:36Z" finished-at="2022-08-10T01:11:41Z">
          <params>
            <param index="0">
              <value>
                <![CDATA[firefox]]>
              </value>
            </param>
          </params>
          <reporter-output>
          </reporter-output>
        </test-method> <!-- setup -->
        <test-method status="PASS" signature="forgotPasswordLinkStatus()[pri:0, instance:com.OrangeHRM.testCases.TC002_ForgotPasswordLinkDisplayed@132bc4a]" name="forgotPasswordLinkStatus" duration-ms="138" started-at="2022-08-10T01:11:41Z" finished-at="2022-08-10T01:11:41Z">
          <reporter-output>
          </reporter-output>
        </test-method> <!-- forgotPasswordLinkStatus -->
        <test-method status="PASS" signature="teardown()[pri:0, instance:com.OrangeHRM.testCases.TC002_ForgotPasswordLinkDisplayed@132bc4a]" name="teardown" is-config="true" duration-ms="2916" started-at="2022-08-10T01:11:41Z" finished-at="2022-08-10T01:11:44Z">
          <reporter-output>
          </reporter-output>
        </test-method> <!-- teardown -->
      </class> <!-- com.OrangeHRM.testCases.TC002_ForgotPasswordLinkDisplayed -->
    </test> <!-- TC002_ForgotPasswordLinkDisplayed -->
  </suite> <!-- RegressionSuite -->
</testng-results>
