<?xml version="1.0" encoding="UTF-8"?>
<testng-results skipped="0" failed="0" ignored="0" total="2" passed="2">
  <reporter-output>
  </reporter-output>
  <suite name="RegressionSuite" duration-ms="18182" started-at="2022-08-10T01:10:26Z" finished-at="2022-08-10T01:10:45Z">
    <groups>
    </groups>
    <test name="TC001_LoginTest" duration-ms="10752" started-at="2022-08-10T01:10:26Z" finished-at="2022-08-10T01:10:37Z">
      <class name="com.OrangeHRM.testCases.TC001_LoginTest">
        <test-method status="PASS" signature="setup(java.lang.String)[pri:0, instance:com.OrangeHRM.testCases.TC001_LoginTest@13d4a8c]" name="setup" is-config="true" duration-ms="5979" started-at="2022-08-10T01:10:26Z" finished-at="2022-08-10T01:10:32Z">
          <params>
            <param index="0">
              <value>
                <![CDATA[firefox]]>
              </value>
            </param>
          </params>
          <reporter-output>
          </reporter-output>
        </test-method> <!-- setup -->
        <test-method status="PASS" signature="loginTest()[pri:0, instance:com.OrangeHRM.testCases.TC001_LoginTest@13d4a8c]" name="loginTest" duration-ms="2329" started-at="2022-08-10T01:10:32Z" finished-at="2022-08-10T01:10:35Z">
          <reporter-output>
          </reporter-output>
        </test-method> <!-- loginTest -->
        <test-method status="PASS" signature="teardown()[pri:0, instance:com.OrangeHRM.testCases.TC001_LoginTest@13d4a8c]" name="teardown" is-config="true" duration-ms="2418" started-at="2022-08-10T01:10:35Z" finished-at="2022-08-10T01:10:37Z">
          <reporter-output>
          </reporter-output>
        </test-method> <!-- teardown -->
      </class> <!-- com.OrangeHRM.testCases.TC001_LoginTest -->
    </test> <!-- TC001_LoginTest -->
    <test name="TC002_ForgotPasswordLinkDisplayed" duration-ms="7422" started-at="2022-08-10T01:10:37Z" finished-at="2022-08-10T01:10:45Z">
      <class name="com.OrangeHRM.testCases.TC002_ForgotPasswordLinkDisplayed">
        <test-method status="PASS" signature="setup(java.lang.String)[pri:0, instance:com.OrangeHRM.testCases.TC002_ForgotPasswordLinkDisplayed@10f2942]" name="setup" is-config="true" duration-ms="5384" started-at="2022-08-10T01:10:37Z" finished-at="2022-08-10T01:10:43Z">
          <params>
            <param index="0">
              <value>
                <![CDATA[firefox]]>
              </value>
            </param>
          </params>
          <reporter-output>
          </reporter-output>
        </test-method> <!-- setup -->
        <test-method status="PASS" signature="forgotPasswordLinkStatus()[pri:0, instance:com.OrangeHRM.testCases.TC002_ForgotPasswordLinkDisplayed@10f2942]" name="forgotPasswordLinkStatus" duration-ms="150" started-at="2022-08-10T01:10:43Z" finished-at="2022-08-10T01:10:43Z">
          <reporter-output>
          </reporter-output>
        </test-method> <!-- forgotPasswordLinkStatus -->
        <test-method status="PASS" signature="teardown()[pri:0, instance:com.OrangeHRM.testCases.TC002_ForgotPasswordLinkDisplayed@10f2942]" name="teardown" is-config="true" duration-ms="1884" started-at="2022-08-10T01:10:43Z" finished-at="2022-08-10T01:10:45Z">
          <reporter-output>
          </reporter-output>
        </test-method> <!-- teardown -->
      </class> <!-- com.OrangeHRM.testCases.TC002_ForgotPasswordLinkDisplayed -->
    </test> <!-- TC002_ForgotPasswordLinkDisplayed -->
  </suite> <!-- RegressionSuite -->
</testng-results>
